2026-02-24 12:59:25,877 [WARNING] Neither CUDA nor MPS are available - defaulting to CPU. Note: This module is much faster with a GPU.
2026-02-24 12:59:32,277 [INFO] Camera opened successfully.
2026-02-24 12:59:32,277 [INFO] Camera started. Press 'Q' to quit.
2026-02-24 12:59:33,483 [INFO] COMBINED: ''
2026-02-24 12:59:34,331 [INFO] COMBINED: 'CREW'
2026-02-24 12:59:35,162 [INFO] COMBINED: ''
2026-02-24 12:59:36,008 [INFO] COMBINED: ''
2026-02-24 12:59:36,860 [INFO] COMBINED: ''
2026-02-24 12:59:37,705 [INFO] COMBINED: ''
2026-02-24 12:59:38,531 [INFO] COMBINED: ''
2026-02-24 12:59:39,435 [INFO] COMBINED: ''
2026-02-24 12:59:40,277 [INFO] COMBINED: ''
2026-02-24 12:59:41,123 [INFO] COMBINED: ''
2026-02-24 12:59:41,990 [INFO] COMBINED: ''
2026-02-24 12:59:42,905 [INFO] COMBINED: ''
2026-02-24 12:59:43,697 [INFO] COMBINED: ''
2026-02-24 12:59:44,568 [INFO] COMBINED: ''
2026-02-24 12:59:45,443 [INFO] COMBINED: 'JJW123'
2026-02-24 12:59:46,314 [INFO] COMBINED: ''
2026-02-24 12:59:47,135 [INFO] COMBINED: ''
2026-02-24 12:59:48,031 [INFO] COMBINED: 'J3W23'
2026-02-24 12:59:48,032 [INFO] BUFFER RESULT: best='JJW123' | last='None'
2026-02-24 12:59:48,032 [INFO] {"plate_number": "JJW123"}
2026-02-24 12:59:48,900 [INFO] COMBINED: ''
2026-02-24 12:59:49,743 [INFO] COMBINED: 'JJWI23'
2026-02-24 12:59:49,744 [INFO] BUFFER RESULT: best='JJWI23' | last='JJW123'
2026-02-24 12:59:49,744 [INFO] {"plate_number": "JJWI23"}
2026-02-24 12:59:50,552 [INFO] COMBINED: ''
2026-02-24 12:59:51,425 [INFO] COMBINED: ''
2026-02-24 12:59:52,287 [INFO] COMBINED: ''
2026-02-24 12:59:53,111 [INFO] COMBINED: ''
2026-02-24 12:59:53,128 [INFO] No plate detected yet.
2026-02-24 12:59:53,992 [INFO] COMBINED: ''
2026-02-24 12:59:54,878 [INFO] COMBINED: ''
2026-02-24 12:59:55,677 [INFO] COMBINED: ''
2026-02-24 12:59:56,532 [INFO] COMBINED: 'MADANI'
2026-02-24 12:59:57,373 [INFO] COMBINED: 'MADANI 1'
2026-02-24 12:59:57,373 [INFO] BUFFER RESULT: best='MADANI' | last='None'
2026-02-24 12:59:57,374 [INFO] {"plate_number": "MADANI"}
2026-02-24 12:59:58,275 [INFO] COMBINED: 'MADANI'
2026-02-24 12:59:58,275 [INFO] BUFFER RESULT: best='MADANI' | last='MADANI'
2026-02-24 12:59:59,133 [INFO] COMBINED: 'MADANI'
2026-02-24 13:00:00,044 [INFO] COMBINED: 'MADANI 1'
2026-02-24 13:00:00,044 [INFO] BUFFER RESULT: best='MADANI' | last='MADANI'
2026-02-24 13:00:00,973 [INFO] COMBINED: 'MADANI'
2026-02-24 13:00:00,974 [INFO] BUFFER RESULT: best='MADANI' | last='MADANI'
2026-02-24 13:00:01,850 [INFO] COMBINED: 'MADANI 1'
2026-02-24 13:00:02,700 [INFO] COMBINED: 'MADANI 1'
2026-02-24 13:00:02,701 [INFO] BUFFER RESULT: best='MADANI 1' | last='MADANI'
2026-02-24 13:00:02,701 [INFO] {"plate_number": "MADANI 1"}
2026-02-24 13:00:03,590 [INFO] COMBINED: 'MADANI REW'
2026-02-24 13:00:03,590 [INFO] BUFFER RESULT: best='MADANI REW' | last='MADANI 1'
2026-02-24 13:00:03,591 [INFO] {"plate_number": "MADANI REW"}
2026-02-24 13:00:04,565 [INFO] COMBINED: 'MADANI 1'
2026-02-24 13:00:05,449 [INFO] COMBINED: 'MADANI 1'
2026-02-24 13:00:05,450 [INFO] BUFFER RESULT: best='MADANI 1' | last='MADANI REW'
2026-02-24 13:00:05,450 [INFO] {"plate_number": "MADANI 1"}
2026-02-24 13:00:06,327 [INFO] COMBINED: 'MADANI 1 EW'
2026-02-24 13:00:06,327 [INFO] BUFFER RESULT: best='MADANI 1' | last='MADANI 1'
2026-02-24 13:00:07,239 [INFO] COMBINED: 'MADANI 1 REW'
2026-02-24 13:00:08,107 [INFO] COMBINED: 'MADANT 1'
2026-02-24 13:00:08,108 [INFO] BUFFER RESULT: best='MADANT 1' | last='MADANI 1'
2026-02-24 13:00:08,108 [INFO] {"plate_number": "MADANT 1"}
2026-02-24 13:00:08,954 [INFO] COMBINED: 'MADANI'
2026-02-24 13:00:08,954 [INFO] BUFFER RESULT: best='MADANI' | last='MADANT 1'
2026-02-24 13:00:08,954 [INFO] {"plate_number": "MADANI"}
2026-02-24 13:00:09,809 [INFO] COMBINED: ''
2026-02-24 13:00:10,690 [INFO] COMBINED: ''
2026-02-24 13:00:11,568 [INFO] COMBINED: ''
2026-02-24 13:00:12,487 [INFO] COMBINED: ''
2026-02-24 13:00:12,503 [INFO] No plate detected yet.
2026-02-24 13:00:13,446 [INFO] COMBINED: ''
2026-02-24 13:00:14,254 [INFO] COMBINED: ''
2026-02-24 13:00:15,231 [INFO] COMBINED: 'VDR 5589'
2026-02-24 13:00:16,160 [INFO] COMBINED: 'VDR5589'
2026-02-24 13:00:16,160 [INFO] BUFFER RESULT: best='VDR 5589' | last='None'
2026-02-24 13:00:16,161 [INFO] {"plate_number": "VDR 5589"}
2026-02-24 13:00:17,071 [INFO] COMBINED: 'VDR5589'
2026-02-24 13:00:17,071 [INFO] BUFFER RESULT: best='VDR5589' | last='VDR 5589'
2026-02-24 13:00:17,072 [INFO] {"plate_number": "VDR5589"}
2026-02-24 13:00:17,920 [INFO] COMBINED: 'VDR 5589'
2026-02-24 13:00:18,775 [INFO] COMBINED: 'VDR 5589'
2026-02-24 13:00:18,776 [INFO] BUFFER RESULT: best='VDR 5589' | last='VDR5589'
2026-02-24 13:00:18,776 [INFO] {"plate_number": "VDR 5589"}
2026-02-24 13:00:19,650 [INFO] COMBINED: 'VDR 5589'
2026-02-24 13:00:19,651 [INFO] BUFFER RESULT: best='VDR 5589' | last='VDR 5589'
2026-02-24 13:00:20,534 [INFO] COMBINED: 'VDR 5589'
2026-02-24 13:00:21,403 [INFO] COMBINED: 'VDR 5589 REW'
2026-02-24 13:00:21,403 [INFO] BUFFER RESULT: best='VDR 5589' | last='VDR 5589'
2026-02-24 13:00:22,289 [INFO] COMBINED: 'VDR 5589'
2026-02-24 13:00:22,289 [INFO] BUFFER RESULT: best='VDR 5589' | last='VDR 5589'
2026-02-24 13:00:23,152 [INFO] COMBINED: 'VDR5589 REW'
2026-02-24 13:00:23,993 [INFO] COMBINED: ''
2026-02-24 13:00:24,869 [INFO] COMBINED: ''
2026-02-24 13:00:25,705 [INFO] COMBINED: ''
2026-02-24 13:00:26,548 [INFO] COMBINED: ''
2026-02-24 13:00:26,553 [INFO] No plate detected yet.
2026-02-24 13:00:27,439 [INFO] COMBINED: ''
2026-02-24 13:00:28,317 [INFO] COMBINED: ''
2026-02-24 13:00:28,318 [INFO] System off.
2026-02-24 13:01:18,734 [WARNING] Neither CUDA nor MPS are available - defaulting to CPU. Note: This module is much faster with a GPU.
2026-02-24 13:01:26,012 [INFO] Camera opened successfully.
2026-02-24 13:01:26,013 [INFO] Camera started. Press 'Q' to quit.
2026-02-24 13:01:27,255 [INFO] COMBINED: ''
2026-02-24 13:01:28,113 [INFO] COMBINED: ''
2026-02-24 13:01:29,005 [INFO] COMBINED: ''
2026-02-24 13:01:29,857 [INFO] COMBINED: ''
2026-02-24 13:01:30,756 [INFO] COMBINED: 'VDR 5589'
2026-02-24 13:01:31,617 [INFO] COMBINED: ''
2026-02-24 13:01:32,526 [INFO] COMBINED: 'VDR 5589'
2026-02-24 13:01:32,527 [INFO] BUFFER RESULT: best='VDR 5589' | last='None'
2026-02-24 13:01:32,527 [INFO] {"plate_number": "VDR 5589"}
2026-02-24 13:01:33,469 [INFO] COMBINED: 'VDR5589'
2026-02-24 13:01:33,470 [INFO] BUFFER RESULT: best='VDR5589' | last='VDR 5589'
2026-02-24 13:01:33,470 [INFO] {"plate_number": "VDR5589"}
2026-02-24 13:01:34,377 [INFO] COMBINED: 'VDR5589'
2026-02-24 13:01:35,344 [INFO] COMBINED: 'VDR 5589'
2026-02-24 13:01:35,344 [INFO] BUFFER RESULT: best='VDR5589' | last='VDR5589'
2026-02-24 13:01:36,278 [INFO] COMBINED: 'VDR5589'
2026-02-24 13:01:36,279 [INFO] BUFFER RESULT: best='VDR5589' | last='VDR5589'
2026-02-24 13:01:37,233 [INFO] COMBINED: 'VDR 5589'
2026-02-24 13:01:38,077 [INFO] COMBINED: 'VDR 5589'
2026-02-24 13:01:38,077 [INFO] BUFFER RESULT: best='VDR 5589' | last='VDR5589'
2026-02-24 13:01:38,078 [INFO] {"plate_number": "VDR 5589"}
2026-02-24 13:01:38,984 [INFO] COMBINED: 'VDR 5589'
2026-02-24 13:01:38,984 [INFO] BUFFER RESULT: best='VDR 5589' | last='VDR 5589'
2026-02-24 13:01:39,910 [INFO] COMBINED: 'VDR 5589'
2026-02-24 13:01:40,761 [INFO] COMBINED: 'VDR 5589'
2026-02-24 13:01:40,761 [INFO] BUFFER RESULT: best='VDR 5589' | last='VDR 5589'
2026-02-24 13:01:41,660 [INFO] COMBINED: 'VDR 5589'
2026-02-24 13:01:41,661 [INFO] BUFFER RESULT: best='VDR 5589' | last='VDR 5589'
2026-02-24 13:01:42,618 [INFO] COMBINED: ''
2026-02-24 13:01:43,476 [INFO] COMBINED: 'REW'
2026-02-24 13:01:44,349 [INFO] COMBINED: 'REW'
2026-02-24 13:01:45,222 [INFO] COMBINED: ''
2026-02-24 13:01:45,229 [INFO] No plate detected yet.
2026-02-24 13:01:46,089 [INFO] COMBINED: ''
2026-02-24 13:01:46,987 [INFO] COMBINED: ''
2026-02-24 13:01:47,908 [INFO] COMBINED: ''
2026-02-24 13:01:48,842 [INFO] COMBINED: ''
2026-02-24 13:01:49,798 [INFO] COMBINED: 'JJW123'
2026-02-24 13:01:50,780 [INFO] COMBINED: ''
2026-02-24 13:01:51,693 [INFO] COMBINED: ''
2026-02-24 13:01:52,657 [INFO] COMBINED: 'JW13'
2026-02-24 13:01:52,658 [INFO] BUFFER RESULT: best='JJW123' | last='None'
2026-02-24 13:01:52,658 [INFO] {"plate_number": "JJW123"}
2026-02-24 13:01:53,520 [INFO] COMBINED: 'JJWI23'
2026-02-24 13:01:53,520 [INFO] BUFFER RESULT: best='JJWI23' | last='JJW123'
2026-02-24 13:01:53,520 [INFO] {"plate_number": "JJWI23"}
2026-02-24 13:01:54,441 [INFO] COMBINED: 'JJW123'
2026-02-24 13:01:55,382 [INFO] COMBINED: 'JJWI23'
2026-02-24 13:01:55,383 [INFO] BUFFER RESULT: best='JJW123' | last='JJWI23'
2026-02-24 13:01:55,383 [INFO] {"plate_number": "JJW123"}
2026-02-24 13:01:56,312 [INFO] COMBINED: 'JJW123'
2026-02-24 13:01:56,312 [INFO] BUFFER RESULT: best='JJW123' | last='JJW123'
2026-02-24 13:01:57,235 [INFO] COMBINED: ''
2026-02-24 13:01:58,193 [INFO] COMBINED: 'JJW23'
2026-02-24 13:01:59,107 [INFO] COMBINED: ''
2026-02-24 13:01:59,982 [INFO] COMBINED: 'REW'
2026-02-24 13:02:00,852 [INFO] COMBINED: ''
2026-02-24 13:02:01,764 [INFO] COMBINED: 'MADANI'
2026-02-24 13:02:01,764 [INFO] BUFFER RESULT: best='JJW23' | last='JJW123'
2026-02-24 13:02:01,764 [INFO] {"plate_number": "JJW23"}
2026-02-24 13:02:02,757 [INFO] COMBINED: 'MMADANI'
2026-02-24 13:02:02,757 [INFO] BUFFER RESULT: best='MMADANI' | last='JJW23'
2026-02-24 13:02:02,757 [INFO] {"plate_number": "MMADANI"}
2026-02-24 13:02:03,652 [INFO] COMBINED: 'MADANI 1'
2026-02-24 13:02:04,596 [INFO] COMBINED: 'MADANI'
2026-02-24 13:02:04,596 [INFO] BUFFER RESULT: best='MADANI 1' | last='MMADANI'
2026-02-24 13:02:04,596 [INFO] {"plate_number": "MADANI 1"}
2026-02-24 13:02:05,547 [INFO] COMBINED: 'MADANI'
2026-02-24 13:02:05,547 [INFO] BUFFER RESULT: best='MADANI' | last='MADANI 1'
2026-02-24 13:02:05,547 [INFO] {"plate_number": "MADANI"}
2026-02-24 13:02:06,509 [INFO] COMBINED: 'MADANI'
2026-02-24 13:02:07,435 [INFO] COMBINED: ''
2026-02-24 13:02:08,369 [INFO] COMBINED: 'MADANI'
2026-02-24 13:02:08,369 [INFO] BUFFER RESULT: best='MADANI' | last='MADANI'
2026-02-24 13:02:09,300 [INFO] COMBINED: 'MADANI 1'
2026-02-24 13:02:09,300 [INFO] BUFFER RESULT: best='MADANI 1' | last='MADANI'
2026-02-24 13:02:09,300 [INFO] {"plate_number": "MADANI 1"}
2026-02-24 13:02:10,244 [INFO] COMBINED: 'MADANI 1'
2026-02-24 13:02:11,236 [INFO] COMBINED: 'MADANI'
2026-02-24 13:02:11,236 [INFO] BUFFER RESULT: best='MADANI 1' | last='MADANI 1'
2026-02-24 13:02:12,174 [INFO] COMBINED: 'MADANI 1'
2026-02-24 13:02:12,175 [INFO] BUFFER RESULT: best='MADANI 1' | last='MADANI 1'
2026-02-24 13:02:13,195 [INFO] COMBINED: 'MADANI'
2026-02-24 13:02:14,118 [INFO] COMBINED: 'MADANI'
2026-02-24 13:02:14,119 [INFO] BUFFER RESULT: best='MADANI' | last='MADANI 1'
2026-02-24 13:02:14,119 [INFO] {"plate_number": "MADANI"}
2026-02-24 13:02:15,011 [INFO] COMBINED: ''
2026-02-24 13:02:15,878 [INFO] COMBINED: ''
2026-02-24 13:02:16,791 [INFO] COMBINED: ''
2026-02-24 13:02:17,624 [INFO] COMBINED: ''
2026-02-24 13:02:17,633 [INFO] No plate detected yet.
2026-02-24 13:02:18,533 [INFO] COMBINED: ''
2026-02-24 13:02:19,414 [INFO] COMBINED: ''
2026-02-24 13:02:20,283 [INFO] COMBINED: ''
2026-02-24 13:02:21,218 [INFO] COMBINED: '5752R'
2026-02-24 13:02:21,219 [INFO] BUFFER RESULT: best='5752R' | last='None'
2026-02-24 13:02:21,219 [INFO] {"plate_number": "5752R"}
2026-02-24 13:02:22,090 [INFO] COMBINED: '5751R'
2026-02-24 13:02:23,009 [INFO] COMBINED: ''
2026-02-24 13:02:23,913 [INFO] COMBINED: ''
2026-02-24 13:02:24,779 [INFO] COMBINED: ''
2026-02-24 13:02:25,634 [INFO] COMBINED: '5752R'
2026-02-24 13:02:25,635 [INFO] BUFFER RESULT: best='5751R' | last='5752R'
2026-02-24 13:02:25,635 [INFO] {"plate_number": "5751R"}
2026-02-24 13:02:26,520 [INFO] COMBINED: ''
2026-02-24 13:02:27,369 [INFO] COMBINED: ''
2026-02-24 13:02:28,228 [INFO] COMBINED: ''
2026-02-24 13:02:29,120 [INFO] COMBINED: '5752R'
2026-02-24 13:02:29,121 [INFO] BUFFER RESULT: best='5752R' | last='5751R'
2026-02-24 13:02:29,121 [INFO] {"plate_number": "5752R"}
2026-02-24 13:02:29,981 [INFO] COMBINED: '5752R'
2026-02-24 13:02:30,837 [INFO] COMBINED: ''
2026-02-24 13:02:31,715 [INFO] COMBINED: ''
2026-02-24 13:02:32,566 [INFO] COMBINED: ''
2026-02-24 13:02:33,440 [INFO] COMBINED: 'W552RE'
2026-02-24 13:02:33,441 [INFO] BUFFER RESULT: best='5752R' | last='5752R'
2026-02-24 13:02:34,341 [INFO] COMBINED: 'W552R'
2026-02-24 13:02:34,341 [INFO] BUFFER RESULT: best='W552R' | last='5752R'
2026-02-24 13:02:34,341 [INFO] {"plate_number": "W552R"}
2026-02-24 13:02:35,210 [INFO] COMBINED: 'W5752R'
2026-02-24 13:02:36,089 [INFO] COMBINED: ''
2026-02-24 13:02:36,999 [INFO] COMBINED: 'W552R'
2026-02-24 13:02:36,999 [INFO] BUFFER RESULT: best='W5752R' | last='W552R'
2026-02-24 13:02:36,999 [INFO] {"plate_number": "W5752R"}
2026-02-24 13:02:37,862 [INFO] COMBINED: 'W552R'
2026-02-24 13:02:37,862 [INFO] BUFFER RESULT: best='W552R' | last='W5752R'
2026-02-24 13:02:37,862 [INFO] {"plate_number": "W552R"}
2026-02-24 13:02:38,725 [INFO] COMBINED: ''
2026-02-24 13:02:39,605 [INFO] COMBINED: ''
2026-02-24 13:02:40,496 [INFO] COMBINED: 'W5752R'
2026-02-24 13:02:41,354 [INFO] COMBINED: 'W5152R'
2026-02-24 13:02:41,354 [INFO] BUFFER RESULT: best='W5752R' | last='W552R'
2026-02-24 13:02:41,354 [INFO] {"plate_number": "W5752R"}
2026-02-24 13:02:42,323 [INFO] COMBINED: ''
2026-02-24 13:02:43,180 [INFO] COMBINED: ''
2026-02-24 13:02:44,046 [INFO] COMBINED: ''
2026-02-24 13:02:44,905 [INFO] COMBINED: ''
2026-02-24 13:02:44,924 [INFO] No plate detected yet.
2026-02-24 13:02:45,764 [INFO] COMBINED: 'W51528'
2026-02-24 13:02:45,765 [INFO] BUFFER RESULT: best='W51528' | last='None'
2026-02-24 13:02:45,765 [INFO] {"plate_number": "W51528"}
2026-02-24 13:02:46,647 [INFO] COMBINED: 'W5 528'
2026-02-24 13:02:47,504 [INFO] COMBINED: ''
2026-02-24 13:02:48,382 [INFO] COMBINED: ''
2026-02-24 13:02:49,275 [INFO] COMBINED: ''
2026-02-24 13:02:50,117 [INFO] COMBINED: ''
2026-02-24 13:02:50,137 [INFO] No plate detected yet.
2026-02-24 13:02:50,962 [INFO] COMBINED: ''
2026-02-24 13:02:50,964 [INFO] System off.
